TN:
SF:C:\work\angular-mentoring\src\polyfills.ts
FNF:0
FNH:0
LF:0
LH:0
BRF:0
BRH:0
end_of_record
TN:
SF:C:\work\angular-mentoring\src\test.ts
FNF:0
FNH:0
DA:13,1
DA:18,1
DA:20,1
LF:3
LH:3
BRF:0
BRH:0
end_of_record
TN:
SF:C:\work\angular-mentoring\src\app\app.component.ts
FN:10,(anonymous_2)
FN:14,AppComponent
FN:16,(anonymous_4)
FN:17,(anonymous_5)
FN:21,(anonymous_6)
FNF:5
FNH:4
FNDA:1,(anonymous_2)
FNDA:1,AppComponent
FNDA:1,(anonymous_4)
FNDA:1,(anonymous_5)
FNDA:0,(anonymous_6)
DA:10,1
DA:11,1
DA:12,1
DA:14,1
DA:16,1
DA:17,1
DA:18,1
DA:21,1
DA:22,0
DA:23,0
DA:26,0
DA:27,0
DA:31,1
LF:13
LH:9
BRDA:22,0,0,0
BRDA:22,0,1,0
BRDA:26,1,0,0
BRDA:26,1,1,0
BRDA:26,2,0,0
BRDA:26,2,1,0
BRDA:26,2,2,0
BRF:7
BRH:0
end_of_record
TN:
SF:C:\work\angular-mentoring\src\app\auth\auth.module.ts
FN:15,(anonymous_1)
FNF:1
FNH:1
FNDA:3,(anonymous_1)
DA:15,1
LF:1
LH:1
BRF:0
BRH:0
end_of_record
TN:
SF:C:\work\angular-mentoring\src\app\auth\guards\auth.guard.ts
FN:7,(anonymous_2)
FN:8,AuthGuard
FN:10,(anonymous_4)
FN:14,(anonymous_5)
FN:18,(anonymous_6)
FNF:5
FNH:2
FNDA:1,(anonymous_2)
FNDA:1,AuthGuard
FNDA:0,(anonymous_4)
FNDA:0,(anonymous_5)
FNDA:0,(anonymous_6)
DA:7,1
DA:8,1
DA:10,1
DA:11,0
DA:14,1
DA:15,0
DA:18,1
DA:19,0
DA:20,0
DA:22,0
DA:23,0
DA:27,1
LF:12
LH:6
BRDA:19,0,0,0
BRDA:19,0,1,0
BRF:2
BRH:0
end_of_record
TN:
SF:C:\work\angular-mentoring\src\app\auth\services\auth.service.ts
FN:7,(anonymous_1)
FN:6,AuthService
FN:10,(anonymous_3)
FN:21,(anonymous_4)
FN:30,(anonymous_5)
FN:34,(anonymous_6)
FN:38,(anonymous_7)
FNF:7
FNH:7
FNDA:1,(anonymous_1)
FNDA:7,AuthService
FNDA:4,(anonymous_3)
FNDA:2,(anonymous_4)
FNDA:7,(anonymous_5)
FNDA:1,(anonymous_6)
FNDA:4,(anonymous_7)
DA:7,1
DA:8,7
DA:10,1
DA:11,4
DA:13,4
DA:14,4
DA:16,4
DA:18,4
DA:21,1
DA:22,2
DA:23,2
DA:25,2
DA:27,2
DA:30,1
DA:31,7
DA:34,1
DA:35,1
DA:38,1
DA:39,4
DA:41,1
LF:20
LH:20
BRDA:31,0,0,7
BRDA:31,0,1,2
BRF:2
BRH:2
end_of_record
TN:
SF:C:\work\angular-mentoring\src\app\auth\services\user-mock.ts
FNF:0
FNH:0
DA:3,1
LF:1
LH:1
BRF:0
BRH:0
end_of_record
TN:
SF:C:\work\angular-mentoring\src\app\core\core.module.ts
FN:46,(anonymous_1)
FNF:1
FNH:1
FNDA:2,(anonymous_1)
DA:18,1
DA:46,1
LF:2
LH:2
BRF:0
BRH:0
end_of_record
TN:
SF:C:\work\angular-mentoring\src\app\core\components\breadcrumbs\breadcrumbs.component.ts
FN:9,(anonymous_2)
FN:12,BreadcrumbsComponent
FNF:2
FNH:2
FNDA:1,(anonymous_2)
FNDA:3,BreadcrumbsComponent
DA:9,1
DA:10,3
DA:12,3
DA:13,1
LF:4
LH:4
BRF:0
BRH:0
end_of_record
TN:
SF:C:\work\angular-mentoring\src\app\core\components\footer\footer.component.ts
FN:8,(anonymous_1)
FNF:1
FNH:1
FNDA:2,(anonymous_1)
DA:8,1
DA:10,1
LF:2
LH:2
BRF:0
BRH:0
end_of_record
TN:
SF:C:\work\angular-mentoring\src\app\core\components\header\header.component.ts
FN:11,(anonymous_2)
FN:15,HeaderComponent
FN:17,(anonymous_4)
FN:18,(anonymous_5)
FN:29,(anonymous_6)
FN:33,(anonymous_7)
FN:38,(anonymous_8)
FNF:7
FNH:7
FNDA:1,(anonymous_2)
FNDA:4,HeaderComponent
FNDA:4,(anonymous_4)
FNDA:4,(anonymous_5)
FNDA:1,(anonymous_6)
FNDA:1,(anonymous_7)
FNDA:2,(anonymous_8)
DA:11,1
DA:13,4
DA:15,4
DA:17,4
DA:18,4
DA:19,4
DA:21,4
DA:22,2
DA:24,2
DA:29,1
DA:30,1
DA:33,1
DA:34,1
DA:35,1
DA:38,1
DA:39,2
DA:41,1
LF:17
LH:17
BRDA:21,0,0,2
BRDA:21,0,1,2
BRF:2
BRH:2
end_of_record
TN:
SF:C:\work\angular-mentoring\src\app\core\components\loading-spinner\loading-spinner.component.ts
FN:8,(anonymous_1)
FNF:1
FNH:1
FNDA:2,(anonymous_1)
DA:8,1
DA:10,1
LF:2
LH:2
BRF:0
BRH:0
end_of_record
TN:
SF:C:\work\angular-mentoring\src\app\core\components\logo\logo.component.ts
FN:8,(anonymous_1)
FNF:1
FNH:1
FNDA:2,(anonymous_1)
DA:8,1
DA:10,1
LF:2
LH:2
BRF:0
BRH:0
end_of_record
TN:
SF:C:\work\angular-mentoring\src\app\core\pages\not-found-page\not-found-page.component.ts
FN:8,(anonymous_1)
FNF:1
FNH:1
FNDA:2,(anonymous_1)
DA:8,1
DA:10,1
LF:2
LH:2
BRF:0
BRH:0
end_of_record
TN:
SF:C:\work\angular-mentoring\src\app\core\services\breadcrumbs.service.ts
FN:6,(anonymous_1)
FN:5,BreadcrumbsService
FN:9,(anonymous_3)
FNF:3
FNH:2
FNDA:1,(anonymous_1)
FNDA:1,BreadcrumbsService
FNDA:0,(anonymous_3)
DA:6,1
DA:7,1
DA:9,1
DA:10,0
DA:12,1
LF:5
LH:4
BRF:0
BRH:0
end_of_record
TN:
SF:C:\work\angular-mentoring\src\app\courses\courses.module.ts
FN:65,(anonymous_1)
FNF:1
FNH:1
FNDA:2,(anonymous_1)
DA:65,1
LF:1
LH:1
BRF:0
BRH:0
end_of_record
TN:
SF:C:\work\angular-mentoring\src\app\courses\courses.routes.ts
FNF:0
FNH:0
DA:7,1
LF:1
LH:1
BRF:0
BRH:0
end_of_record
TN:
SF:C:\work\angular-mentoring\src\app\courses\components\confirmation-dialog\confirmation-dialog.component.ts
FN:9,(anonymous_4)
FN:11,ConfirmationDialogComponent
FNF:2
FNH:2
FNDA:1,(anonymous_4)
FNDA:1,ConfirmationDialogComponent
DA:9,1
DA:11,1
DA:12,1
DA:14,1
LF:4
LH:4
BRF:0
BRH:0
end_of_record
TN:
SF:C:\work\angular-mentoring\src\app\courses\components\course-form\course-form.component.ts
FN:12,(anonymous_2)
FN:7,CourseFormComponent
FN:26,(anonymous_4)
FN:39,(anonymous_5)
FN:47,(anonymous_6)
FN:51,(anonymous_7)
FNF:6
FNH:2
FNDA:1,(anonymous_2)
FNDA:1,CourseFormComponent
FNDA:0,(anonymous_4)
FNDA:0,(anonymous_5)
FNDA:0,(anonymous_6)
FNDA:0,(anonymous_7)
DA:12,1
DA:13,1
DA:15,2
DA:23,2
DA:24,2
DA:26,1
DA:27,0
DA:28,0
DA:30,0
DA:31,0
DA:34,0
DA:35,0
DA:39,1
DA:40,0
DA:42,0
DA:43,0
DA:47,1
DA:48,0
DA:51,1
DA:52,0
DA:54,1
LF:21
LH:10
BRDA:30,0,0,0
BRDA:30,0,1,0
BRDA:30,1,0,0
BRDA:30,1,1,0
BRDA:34,2,0,0
BRDA:34,2,1,0
BRDA:42,3,0,0
BRDA:42,3,1,0
BRF:8
BRH:0
end_of_record
TN:
SF:C:\work\angular-mentoring\src\app\courses\components\course-item\course-item.component.ts
FN:10,(anonymous_2)
FN:4,CourseItemComponent
FN:16,(anonymous_4)
FN:20,(anonymous_5)
FNF:4
FNH:4
FNDA:1,(anonymous_2)
FNDA:6,CourseItemComponent
FNDA:1,(anonymous_4)
FNDA:1,(anonymous_5)
DA:10,1
DA:11,1
DA:13,7
DA:14,7
DA:16,1
DA:17,1
DA:20,1
DA:21,1
DA:23,1
LF:9
LH:9
BRF:0
BRH:0
end_of_record
TN:
SF:C:\work\angular-mentoring\src\app\courses\directives\creation-date-status.directive.ts
FN:6,(anonymous_2)
FN:11,CreationDateStatusDirective
FN:13,(anonymous_4)
FNF:3
FNH:3
FNDA:1,(anonymous_2)
FNDA:10,CreationDateStatusDirective
FNDA:9,(anonymous_4)
DA:6,1
DA:7,1
DA:8,10
DA:9,10
DA:11,10
DA:13,1
DA:14,9
DA:15,9
DA:16,9
DA:20,9
DA:22,1
DA:23,1
DA:25,1
DA:26,1
DA:29,9
DA:30,2
DA:33,1
LF:17
LH:17
BRDA:21,0,0,1
BRDA:21,0,1,1
BRDA:29,1,0,2
BRDA:29,1,1,7
BRF:4
BRH:4
end_of_record
TN:
SF:C:\work\angular-mentoring\src\app\courses\pages\course-list-page\course-list-page.component.ts
FN:16,(anonymous_2)
FN:22,CourseListPageComponent
FN:29,(anonymous_4)
FN:30,(anonymous_5)
FN:47,(anonymous_6)
FN:51,(anonymous_7)
FN:55,(anonymous_8)
FN:59,(anonymous_9)
FN:62,(anonymous_10)
FN:64,(anonymous_11)
FN:65,(anonymous_12)
FNF:11
FNH:9
FNDA:1,(anonymous_2)
FNDA:10,CourseListPageComponent
FNDA:10,(anonymous_4)
FNDA:10,(anonymous_5)
FNDA:11,(anonymous_6)
FNDA:1,(anonymous_7)
FNDA:1,(anonymous_8)
FNDA:1,(anonymous_9)
FNDA:1,(anonymous_10)
FNDA:0,(anonymous_11)
FNDA:0,(anonymous_12)
DA:16,1
DA:22,10
DA:23,10
DA:24,10
DA:25,10
DA:26,10
DA:27,10
DA:29,10
DA:30,10
DA:31,10
DA:32,10
DA:33,10
DA:36,10
DA:37,10
DA:39,10
DA:40,10
DA:41,10
DA:44,10
DA:47,1
DA:48,11
DA:51,1
DA:52,1
DA:55,1
DA:56,1
DA:59,1
DA:60,1
DA:63,1
DA:64,1
DA:65,0
DA:66,0
DA:71,1
LF:31
LH:29
BRDA:39,0,0,20
BRDA:39,0,1,10
BRDA:39,0,2,10
BRDA:63,1,0,1
BRDA:63,1,1,0
BRF:5
BRH:4
end_of_record
TN:
SF:C:\work\angular-mentoring\src\app\courses\pages\create-course-page\create-course-page.component.ts
FN:13,(anonymous_2)
FN:14,CreateCoursePageComponent
FN:19,(anonymous_4)
FN:31,(anonymous_5)
FN:32,(anonymous_6)
FN:37,(anonymous_7)
FNF:6
FNH:3
FNDA:1,(anonymous_2)
FNDA:1,CreateCoursePageComponent
FNDA:1,(anonymous_4)
FNDA:0,(anonymous_5)
FNDA:0,(anonymous_6)
FNDA:0,(anonymous_7)
DA:13,1
DA:14,1
DA:15,1
DA:16,1
DA:17,1
DA:19,1
DA:20,1
DA:21,1
DA:23,1
DA:24,1
DA:25,1
DA:28,1
DA:31,1
DA:32,0
DA:33,0
DA:37,1
DA:38,0
DA:40,1
LF:18
LH:15
BRDA:23,0,0,2
BRDA:23,0,1,1
BRDA:23,0,2,1
BRF:3
BRH:3
end_of_record
TN:
SF:C:\work\angular-mentoring\src\app\courses\pages\edit-course-page\edit-course-page.component.ts
FN:13,(anonymous_2)
FN:16,EditCoursePageComponent
FN:21,(anonymous_4)
FN:37,(anonymous_5)
FN:38,(anonymous_6)
FN:43,(anonymous_7)
FNF:6
FNH:3
FNDA:1,(anonymous_2)
FNDA:1,EditCoursePageComponent
FNDA:1,(anonymous_4)
FNDA:0,(anonymous_5)
FNDA:0,(anonymous_6)
FNDA:0,(anonymous_7)
DA:13,1
DA:16,1
DA:17,1
DA:18,1
DA:19,1
DA:21,1
DA:22,1
DA:24,1
DA:25,1
DA:27,1
DA:29,1
DA:30,1
DA:31,1
DA:34,1
DA:37,1
DA:38,0
DA:39,0
DA:43,1
DA:44,0
DA:47,1
LF:20
LH:17
BRDA:29,0,0,2
BRDA:29,0,1,1
BRDA:29,0,2,1
BRF:3
BRH:3
end_of_record
TN:
SF:C:\work\angular-mentoring\src\app\courses\pipes\filter-by.pipe.ts
FN:6,(anonymous_1)
FN:8,(anonymous_3)
FN:9,(anonymous_4)
FNF:3
FNH:3
FNDA:12,(anonymous_1)
FNDA:11,(anonymous_3)
FNDA:2,(anonymous_4)
DA:6,1
DA:8,1
DA:9,11
DA:12,1
LF:4
LH:4
BRDA:9,0,0,1
BRDA:9,0,1,10
BRF:2
BRH:2
end_of_record
TN:
SF:C:\work\angular-mentoring\src\app\courses\pipes\minutes-to-time.pipe.ts
FN:6,(anonymous_1)
FN:8,(anonymous_3)
FN:15,(anonymous_4)
FNF:3
FNH:3
FNDA:13,(anonymous_1)
FNDA:10,(anonymous_3)
FNDA:20,(anonymous_4)
DA:6,1
DA:8,1
DA:9,10
DA:10,10
DA:12,10
DA:13,10
DA:15,20
DA:18,1
LF:8
LH:8
BRDA:12,0,0,9
BRDA:12,0,1,1
BRDA:13,1,0,9
BRDA:13,1,1,1
BRF:4
BRH:4
end_of_record
TN:
SF:C:\work\angular-mentoring\src\app\courses\pipes\order-by.pipe.ts
FN:6,(anonymous_1)
FN:8,(anonymous_3)
FN:9,(anonymous_4)
FNF:3
FNH:3
FNDA:13,(anonymous_1)
FNDA:12,(anonymous_3)
FNDA:16,(anonymous_4)
DA:6,1
DA:8,1
DA:9,12
DA:10,16
DA:11,5
DA:12,11
DA:13,10
DA:15,1
DA:20,1
LF:9
LH:9
BRDA:10,0,0,5
BRDA:10,0,1,11
BRDA:12,1,0,10
BRDA:12,1,1,1
BRF:4
BRH:4
end_of_record
TN:
SF:C:\work\angular-mentoring\src\app\courses\resolvers\course.resolver.ts
FN:8,(anonymous_2)
FN:9,CourseResolver
FN:11,(anonymous_4)
FNF:3
FNH:3
FNDA:1,(anonymous_2)
FNDA:2,CourseResolver
FNDA:1,(anonymous_4)
DA:8,1
DA:9,2
DA:11,1
DA:12,1
DA:14,1
LF:5
LH:5
BRF:0
BRH:0
end_of_record
TN:
SF:C:\work\angular-mentoring\src\app\courses\services\course.mock.ts
FNF:0
FNH:0
DA:3,1
LF:1
LH:1
BRF:0
BRH:0
end_of_record
TN:
SF:C:\work\angular-mentoring\src\app\courses\services\course.service.ts
FN:8,(anonymous_2)
FN:7,CourseService
FN:11,(anonymous_4)
FN:15,(anonymous_5)
FN:20,(anonymous_6)
FN:21,(anonymous_7)
FN:24,(anonymous_8)
FN:25,(anonymous_9)
FN:30,(anonymous_10)
FN:31,(anonymous_11)
FN:36,(anonymous_12)
FNF:11
FNH:10
FNDA:1,(anonymous_2)
FNDA:6,CourseService
FNDA:3,(anonymous_4)
FNDA:1,(anonymous_5)
FNDA:1,(anonymous_6)
FNDA:1,(anonymous_7)
FNDA:1,(anonymous_8)
FNDA:6,(anonymous_9)
FNDA:1,(anonymous_10)
FNDA:6,(anonymous_11)
FNDA:0,(anonymous_12)
DA:8,1
DA:9,6
DA:11,1
DA:12,3
DA:15,1
DA:16,1
DA:17,1
DA:20,1
DA:21,1
DA:24,1
DA:25,6
DA:26,1
DA:27,1
DA:30,1
DA:31,6
DA:33,1
DA:36,1
DA:37,0
DA:39,1
LF:19
LH:18
BRF:0
BRH:0
end_of_record
TN:
SF:C:\work\angular-mentoring\src\app\login\login.module.ts
FN:23,(anonymous_1)
FNF:1
FNH:1
FNDA:2,(anonymous_1)
DA:23,1
LF:1
LH:1
BRF:0
BRH:0
end_of_record
TN:
SF:C:\work\angular-mentoring\src\app\login\login.routes.ts
FNF:0
FNH:0
DA:4,1
LF:1
LH:1
BRF:0
BRH:0
end_of_record
TN:
SF:C:\work\angular-mentoring\src\app\login\pages\login-page\login-page.component.ts
FN:11,(anonymous_2)
FN:15,LoginPageComponent
FN:17,(anonymous_4)
FN:18,(anonymous_5)
FNF:4
FNH:4
FNDA:1,(anonymous_2)
FNDA:2,LoginPageComponent
FNDA:1,(anonymous_4)
FNDA:1,(anonymous_5)
DA:11,1
DA:15,2
DA:17,1
DA:18,1
DA:19,1
DA:20,1
DA:24,1
LF:7
LH:7
BRF:0
BRH:0
end_of_record
